<?xml version="1.0" encoding="UTF-8"?>
<testng-results ignored="0" total="1" passed="1" failed="0" skipped="0">
  <reporter-output>
  </reporter-output>
  <suite started-at="2025-12-22T21:59:55 IST" name="Default suite" finished-at="2025-12-22T22:00:34 IST" duration-ms="38424">
    <groups>
    </groups>
    <test started-at="2025-12-22T21:59:55 IST" name="Default test" finished-at="2025-12-22T22:00:34 IST" duration-ms="38424">
      <class name="ecommerce.TestFlows.CheckoutTest">
        <test-method is-config="true" signature="setUp()[pri:0, instance:ecommerce.TestFlows.CheckoutTest@24269709]" started-at="2025-12-22T21:59:55 IST" name="setUp" finished-at="2025-12-22T22:00:01 IST" duration-ms="6033" status="PASS">
          <reporter-output>
          </reporter-output>
        </test-method> <!-- setUp -->
        <test-method is-config="true" signature="login()[pri:0, instance:ecommerce.TestFlows.CheckoutTest@24269709]" started-at="2025-12-22T22:00:01 IST" name="login" finished-at="2025-12-22T22:00:08 IST" duration-ms="6142" status="PASS">
          <reporter-output>
          </reporter-output>
        </test-method> <!-- login -->
        <test-method signature="CheckoutProduct()[pri:0, instance:ecommerce.TestFlows.CheckoutTest@24269709]" started-at="2025-12-22T22:00:08 IST" name="CheckoutProduct" finished-at="2025-12-22T22:00:32 IST" duration-ms="23977" status="PASS">
          <reporter-output>
          </reporter-output>
        </test-method> <!-- CheckoutProduct -->
        <test-method is-config="true" signature="logout()[pri:0, instance:ecommerce.TestFlows.CheckoutTest@24269709]" started-at="2025-12-22T22:00:32 IST" name="logout" finished-at="2025-12-22T22:00:34 IST" duration-ms="1990" status="PASS">
          <reporter-output>
          </reporter-output>
        </test-method> <!-- logout -->
        <test-method is-config="true" signature="tearDown()[pri:0, instance:ecommerce.TestFlows.CheckoutTest@24269709]" started-at="2025-12-22T22:00:34 IST" name="tearDown" finished-at="2025-12-22T22:00:34 IST" duration-ms="235" status="PASS">
          <reporter-output>
          </reporter-output>
        </test-method> <!-- tearDown -->
      </class> <!-- ecommerce.TestFlows.CheckoutTest -->
    </test> <!-- Default test -->
  </suite> <!-- Default suite -->
</testng-results>
