<?xml version="1.0" encoding="UTF-8"?>
<!-- Generated by org.testng.reporters.JUnitReportReporter -->
<testsuite hostname="LAPTOP-V3N885S5" failures="0" tests="4" name="ecommerce.TestFlows.SearchTest" time="23.426" errors="0" timestamp="2025-12-21T12:25:30 IST" skipped="0">
  <testcase classname="ecommerce.TestFlows.SearchTest" name="searchProductTest" time="5.992"/>
  <testcase classname="ecommerce.TestFlows.SearchTest" name="searchProductTest" time="5.077"/>
  <testcase classname="ecommerce.TestFlows.SearchTest" name="searchProductTest" time="5.644"/>
  <testcase classname="ecommerce.TestFlows.SearchTest" name="searchProductTest" time="6.713"/>
</testsuite> <!-- ecommerce.TestFlows.SearchTest -->
